<?xml version="1.0" encoding="UTF-8"?>
<!-- Generated by org.testng.reporters.JUnitXMLReporter -->
<testsuite hostname="Deepak-PC" name="Default test" tests="17" failures="0" timestamp="21 Dec 2016 07:01:31 GMT" time="0.023" errors="0">
  <testcase name="@BeforeSuite init" time="0.0" classname="com.testcases.Settings">
    <failure type="org.openqa.selenium.remote.UnreachableBrowserException" message="Could not start a new session. Possible causes are invalid address of the remote server or browser start-up failure.
Build info: version: &amp;apos;2.45.0&amp;apos;, revision: &amp;apos;32a636c&amp;apos;, time: &amp;apos;2015-03-05 22:01:35&amp;apos;
System info: host: &amp;apos;Deepak-PC&amp;apos;, ip: &amp;apos;192.168.100.148&amp;apos;, os.name: &amp;apos;Windows 7&amp;apos;, os.arch: &amp;apos;amd64&amp;apos;, os.version: &amp;apos;6.1&amp;apos;, java.version: &amp;apos;1.7.0_79&amp;apos;
Driver info: driver.version: ChromeDriver">
      <![CDATA[org.openqa.selenium.remote.UnreachableBrowserException: Could not start a new session. Possible causes are invalid address of the remote server or browser start-up failure.
Build info: version: '2.45.0', revision: '32a636c', time: '2015-03-05 22:01:35'
System info: host: 'Deepak-PC', ip: '192.168.100.148', os.name: 'Windows 7', os.arch: 'amd64', os.version: '6.1', java.version: '1.7.0_79'
Driver info: driver.version: ChromeDriver
	at org.openqa.selenium.remote.RemoteWebDriver.execute(RemoteWebDriver.java:593)
	at org.openqa.selenium.remote.RemoteWebDriver.startSession(RemoteWebDriver.java:240)
	at org.openqa.selenium.remote.RemoteWebDriver.<init>(RemoteWebDriver.java:126)
	at org.openqa.selenium.remote.RemoteWebDriver.<init>(RemoteWebDriver.java:139)
	at org.openqa.selenium.chrome.ChromeDriver.<init>(ChromeDriver.java:171)
	at org.openqa.selenium.chrome.ChromeDriver.<init>(ChromeDriver.java:160)
	at org.openqa.selenium.chrome.ChromeDriver.<init>(ChromeDriver.java:117)
	at com.core.TestCore.setDriver(TestCore.java:59)
	at com.core.TestCore.init(TestCore.java:111)
	at sun.reflect.NativeMethodAccessorImpl.invoke0(Native Method)
	at sun.reflect.NativeMethodAccessorImpl.invoke(Unknown Source)
	at sun.reflect.DelegatingMethodAccessorImpl.invoke(Unknown Source)
	at java.lang.reflect.Method.invoke(Unknown Source)
	at org.testng.internal.MethodInvocationHelper.invokeMethod(MethodInvocationHelper.java:84)
	at org.testng.internal.Invoker.invokeConfigurationMethod(Invoker.java:564)
	at org.testng.internal.Invoker.invokeConfigurations(Invoker.java:213)
	at org.testng.internal.Invoker.invokeConfigurations(Invoker.java:138)
	at org.testng.SuiteRunner.privateRun(SuiteRunner.java:277)
	at org.testng.SuiteRunner.run(SuiteRunner.java:240)
	at org.testng.SuiteRunnerWorker.runSuite(SuiteRunnerWorker.java:52)
	at org.testng.SuiteRunnerWorker.run(SuiteRunnerWorker.java:86)
	at org.testng.TestNG.runSuitesSequentially(TestNG.java:1224)
	at org.testng.TestNG.runSuitesLocally(TestNG.java:1149)
	at org.testng.TestNG.run(TestNG.java:1057)
	at org.testng.remote.RemoteTestNG.run(RemoteTestNG.java:115)
	at org.testng.remote.RemoteTestNG.initAndRun(RemoteTestNG.java:207)
	at org.testng.remote.RemoteTestNG.main(RemoteTestNG.java:178)
Caused by: org.openqa.selenium.WebDriverException: java.net.SocketException: Connection reset
Build info: version: '2.45.0', revision: '32a636c', time: '2015-03-05 22:01:35'
System info: host: 'Deepak-PC', ip: '192.168.100.148', os.name: 'Windows 7', os.arch: 'amd64', os.version: '6.1', java.version: '1.7.0_79'
Driver info: driver.version: ChromeDriver
	at org.openqa.selenium.remote.service.DriverCommandExecutor.execute(DriverCommandExecutor.java:75)
	at org.openqa.selenium.remote.RemoteWebDriver.execute(RemoteWebDriver.java:572)
	... 26 more
Caused by: java.net.SocketException: Connection reset
	at java.net.SocketInputStream.read(Unknown Source)
	at java.net.SocketInputStream.read(Unknown Source)
	at org.apache.http.impl.io.SessionInputBufferImpl.streamRead(SessionInputBufferImpl.java:136)
	at org.apache.http.impl.io.SessionInputBufferImpl.fillBuffer(SessionInputBufferImpl.java:152)
	at org.apache.http.impl.io.SessionInputBufferImpl.readLine(SessionInputBufferImpl.java:270)
	at org.apache.http.impl.conn.DefaultHttpResponseParser.parseHead(DefaultHttpResponseParser.java:140)
	at org.apache.http.impl.conn.DefaultHttpResponseParser.parseHead(DefaultHttpResponseParser.java:57)
	at org.apache.http.impl.io.AbstractMessageParser.parse(AbstractMessageParser.java:260)
	at org.apache.http.impl.DefaultBHttpClientConnection.receiveResponseHeader(DefaultBHttpClientConnection.java:161)
	at org.apache.http.impl.conn.CPoolProxy.receiveResponseHeader(CPoolProxy.java:153)
	at org.apache.http.protocol.HttpRequestExecutor.doReceiveResponse(HttpRequestExecutor.java:271)
	at org.apache.http.protocol.HttpRequestExecutor.execute(HttpRequestExecutor.java:123)
	at org.apache.http.impl.execchain.MainClientExec.execute(MainClientExec.java:254)
	at org.apache.http.impl.execchain.ProtocolExec.execute(ProtocolExec.java:195)
	at org.apache.http.impl.execchain.RetryExec.execute(RetryExec.java:86)
	at org.apache.http.impl.execchain.RedirectExec.execute(RedirectExec.java:108)
	at org.apache.http.impl.client.InternalHttpClient.doExecute(InternalHttpClient.java:184)
	at org.apache.http.impl.client.CloseableHttpClient.execute(CloseableHttpClient.java:72)
	at org.apache.http.impl.client.CloseableHttpClient.execute(CloseableHttpClient.java:57)
	at org.openqa.selenium.remote.internal.ApacheHttpClient.fallBackExecute(ApacheHttpClient.java:126)
	at org.openqa.selenium.remote.internal.ApacheHttpClient.execute(ApacheHttpClient.java:72)
	at org.openqa.selenium.remote.HttpCommandExecutor.execute(HttpCommandExecutor.java:133)
	at org.openqa.selenium.remote.service.DriverCommandExecutor.execute(DriverCommandExecutor.java:66)
	... 27 more
]]>
    </failure>
  </testcase> <!-- @BeforeSuite init -->
  <testcase name="test_Logout" time="0.0" classname="com.testcases.RocheLogout">
    <skipped/>
  </testcase> <!-- test_Logout -->
  <testcase name="test_News" time="0.0" classname="com.testcases.News">
    <skipped/>
  </testcase> <!-- test_News -->
  <testcase name="test_Login" time="0.0" classname="com.testcases.Knowledgebase">
    <skipped/>
  </testcase> <!-- test_Login -->
  <testcase name="test_Badges" time="0.0" classname="com.testcases.Badges">
    <skipped/>
  </testcase> <!-- test_Badges -->
  <testcase name="After_learn_Lesson" time="0.001" classname="com.testcases.Knowledgebase">
    <skipped/>
  </testcase> <!-- After_learn_Lesson -->
  <testcase name="test_kbBadges" time="0.001" classname="com.testcases.Badges">
    <skipped/>
  </testcase> <!-- test_kbBadges -->
  <testcase name="Click_Lesson_Link" time="0.0" classname="com.testcases.Knowledgebase">
    <skipped/>
  </testcase> <!-- Click_Lesson_Link -->
  <testcase name="test_QuizBadges" time="0.0" classname="com.testcases.Badges">
    <skipped/>
  </testcase> <!-- test_QuizBadges -->
  <testcase name="test_SonderBadges" time="0.001" classname="com.testcases.Badges">
    <skipped/>
  </testcase> <!-- test_SonderBadges -->
  <testcase name="test_VersteckteBadges" time="0.0" classname="com.testcases.Badges">
    <skipped/>
  </testcase> <!-- test_VersteckteBadges -->
  <testcase name="test_Score" time="0.0" classname="com.testcases.Score">
    <skipped/>
  </testcase> <!-- test_Score -->
  <testcase name="test_Statistik" time="0.0" classname="com.testcases.Score">
    <skipped/>
  </testcase> <!-- test_Statistik -->
  <testcase name="test_Rangliste" time="0.001" classname="com.testcases.Score">
    <skipped/>
  </testcase> <!-- test_Rangliste -->
  <testcase name="test_Settings" time="0.0" classname="com.testcases.Settings">
    <skipped/>
  </testcase> <!-- test_Settings -->
  <testcase name="test_Feedback" time="0.0" classname="com.testcases.Settings">
    <skipped/>
  </testcase> <!-- test_Feedback -->
  <testcase name="test_Support" time="0.0" classname="com.testcases.Settings">
    <skipped/>
  </testcase> <!-- test_Support -->
  <testcase name="test_Login" time="0.001" classname="com.testcases.RocheLogin">
    <skipped/>
  </testcase> <!-- test_Login -->
</testsuite> <!-- Default test -->
