<?xml version="1.0" encoding="UTF-8"?>
<!-- Generated by org.testng.reporters.JUnitXMLReporter -->
<testsuite hostname="Deepak" name="SiteTest" tests="6" failures="0" timestamp="21 Sep 2017 08:39:32 GMT" time="0.339" errors="0">
  <testcase name="@BeforeTest setUP" time="0.0" classname="Test_Cases.User_Login">
    <failure type="java.lang.IllegalStateException" message="The path to the driver executable must be set by the webdriver.gecko.driver system property; for more information, see https://github.com/mozilla/geckodriver. The latest version can be downloaded from https://github.com/mozilla/geckodriver/releases">
      <![CDATA[java.lang.IllegalStateException: The path to the driver executable must be set by the webdriver.gecko.driver system property; for more information, see https://github.com/mozilla/geckodriver. The latest version can be downloaded from https://github.com/mozilla/geckodriver/releases
	at com.google.common.base.Preconditions.checkState(Preconditions.java:199)
	at org.openqa.selenium.remote.service.DriverService.findExecutable(DriverService.java:109)
	at org.openqa.selenium.firefox.GeckoDriverService.access$000(GeckoDriverService.java:37)
	at org.openqa.selenium.firefox.GeckoDriverService$Builder.findDefaultExecutable(GeckoDriverService.java:95)
	at org.openqa.selenium.remote.service.DriverService$Builder.build(DriverService.java:296)
	at org.openqa.selenium.firefox.FirefoxDriver.createCommandExecutor(FirefoxDriver.java:277)
	at org.openqa.selenium.firefox.FirefoxDriver.<init>(FirefoxDriver.java:247)
	at org.openqa.selenium.firefox.FirefoxDriver.<init>(FirefoxDriver.java:242)
	at org.openqa.selenium.firefox.FirefoxDriver.<init>(FirefoxDriver.java:238)
	at org.openqa.selenium.firefox.FirefoxDriver.<init>(FirefoxDriver.java:127)
	at factory.BrowserFactory.getDriver(BrowserFactory.java:21)
	at Test_Cases.User_Login.setUP(User_Login.java:36)
	at java.util.concurrent.FutureTask.run(FutureTask.java:266)
	at java.util.concurrent.ThreadPoolExecutor.runWorker(ThreadPoolExecutor.java:1142)
	at java.util.concurrent.ThreadPoolExecutor$Worker.run(ThreadPoolExecutor.java:617)
	at java.lang.Thread.run(Thread.java:745)
... Removed 14 stack frames]]>
    </failure>
  </testcase> <!-- @BeforeTest setUP -->
  <testcase name="@AfterTest closeUP" time="0.0" classname="Test_Cases.User_Login">
    <failure type="java.lang.NullPointerException">
      <![CDATA[java.lang.NullPointerException
	at factory.BrowserFactory.tearDown(BrowserFactory.java:42)
	at Test_Cases.User_Login.closeUP(User_Login.java:97)
	at java.util.concurrent.FutureTask.run(FutureTask.java:266)
	at java.util.concurrent.ThreadPoolExecutor.runWorker(ThreadPoolExecutor.java:1142)
	at java.util.concurrent.ThreadPoolExecutor$Worker.run(ThreadPoolExecutor.java:617)
	at java.lang.Thread.run(Thread.java:745)
... Removed 14 stack frames]]>
    </failure>
  </testcase> <!-- @AfterTest closeUP -->
  <testcase name="onHomePage" time="0.001" classname="Test_Cases.User_Login">
    <skipped/>
  </testcase> <!-- onHomePage -->
  <testcase name="select_Categories" time="0.0" classname="Test_Cases.User_Login">
    <skipped/>
  </testcase> <!-- select_Categories -->
  <testcase name="SelectProductAndAddToCart" time="0.0" classname="Test_Cases.User_Login">
    <skipped/>
  </testcase> <!-- SelectProductAndAddToCart -->
  <testcase name="SelectedProductOverview" time="0.0" classname="Test_Cases.User_Login">
    <skipped/>
  </testcase> <!-- SelectedProductOverview -->
  <testcase name="cart_OverView" time="0.0" classname="Test_Cases.User_Login">
    <skipped/>
  </testcase> <!-- cart_OverView -->
  <testcase name="order_Confirmation_Success" time="0.0" classname="Test_Cases.User_Login">
    <skipped/>
  </testcase> <!-- order_Confirmation_Success -->
</testsuite> <!-- SiteTest -->
